<?xml version="1.0" encoding="UTF-8"?>
<testng-results ignored="0" total="2" passed="2" failed="0" skipped="0">
  <reporter-output>
  </reporter-output>
  <suite started-at="2021-01-24T10:17:47 EST" name="Suite" finished-at="2021-01-24T10:18:24 EST" duration-ms="37185">
    <groups>
    </groups>
    <test started-at="2021-01-24T10:17:47 EST" name="NewAccount" finished-at="2021-01-24T10:18:24 EST" duration-ms="37185">
      <class name="testCases.RegisterNewAccount">
        <test-method is-config="true" signature="setupSuite()[pri:0, instance:testCases.RegisterNewAccount@67080771]" started-at="2021-01-24T10:17:47 EST" name="setupSuite" finished-at="2021-01-24T10:17:47 EST" duration-ms="219" status="PASS">
          <reporter-output>
          </reporter-output>
        </test-method> <!-- setupSuite -->
        <test-method is-config="true" signature="initilizeDriver()[pri:0, instance:testCases.RegisterNewAccount@67080771]" started-at="2021-01-24T10:17:47 EST" name="initilizeDriver" finished-at="2021-01-24T10:17:55 EST" duration-ms="8028" status="PASS">
          <reporter-output>
          </reporter-output>
        </test-method> <!-- initilizeDriver -->
        <test-method signature="CreateAccount(java.util.Map)[pri:0, instance:testCases.RegisterNewAccount@67080771]" started-at="2021-01-24T10:17:55 EST" name="CreateAccount" data-provider="Data" finished-at="2021-01-24T10:18:04 EST" duration-ms="8838" status="PASS">
          <params>
            <param index="0">
              <value>
                <![CDATA[{AddressLine1=Street1, PhoneNo=1233452298, FirstName=Ram, State=Georgia, ZipCode=31901, LastName=Sharma, City=Columbus, Flag=Yes, EmailAddress=test30@mail.com, Password=hello123}]]>
              </value>
            </param>
          </params>
          <reporter-output>
          </reporter-output>
        </test-method> <!-- CreateAccount -->
        <test-method is-config="true" signature="quitDriver(org.testng.ITestResult)[pri:0, instance:testCases.RegisterNewAccount@67080771]" started-at="2021-01-24T10:18:04 EST" name="quitDriver" finished-at="2021-01-24T10:18:06 EST" duration-ms="1279" status="PASS">
          <params>
            <param index="0">
              <value>
                <![CDATA[[TestResult name=CreateAccount status=SUCCESS method=RegisterNewAccount.CreateAccount(java.util.Map)[pri:0, instance:testCases.RegisterNewAccount@67080771] output={null}]]]>
              </value>
            </param>
          </params>
          <reporter-output>
          </reporter-output>
        </test-method> <!-- quitDriver -->
        <test-method is-config="true" signature="initilizeDriver()[pri:0, instance:testCases.RegisterNewAccount@67080771]" started-at="2021-01-24T10:18:06 EST" name="initilizeDriver" finished-at="2021-01-24T10:18:12 EST" duration-ms="6749" status="PASS">
          <reporter-output>
          </reporter-output>
        </test-method> <!-- initilizeDriver -->
        <test-method signature="CreateAccount(java.util.Map)[pri:0, instance:testCases.RegisterNewAccount@67080771]" started-at="2021-01-24T10:18:12 EST" name="CreateAccount" data-provider="Data" finished-at="2021-01-24T10:18:23 EST" duration-ms="10388" status="PASS">
          <params>
            <param index="0">
              <value>
                <![CDATA[{AddressLine1=Street1, PhoneNo=1233452298, FirstName=Mohan, State=Georgia, ZipCode=31901, LastName=Sharma, City=Columbus, Flag=Yes, EmailAddress=test31@mail.com, Password=hello123}]]>
              </value>
            </param>
          </params>
          <reporter-output>
          </reporter-output>
        </test-method> <!-- CreateAccount -->
        <test-method is-config="true" signature="quitDriver(org.testng.ITestResult)[pri:0, instance:testCases.RegisterNewAccount@67080771]" started-at="2021-01-24T10:18:23 EST" name="quitDriver" finished-at="2021-01-24T10:18:24 EST" duration-ms="1222" status="PASS">
          <params>
            <param index="0">
              <value>
                <![CDATA[[TestResult name=CreateAccount status=SUCCESS method=RegisterNewAccount.CreateAccount(java.util.Map)[pri:0, instance:testCases.RegisterNewAccount@67080771] output={null}]]]>
              </value>
            </param>
          </params>
          <reporter-output>
          </reporter-output>
        </test-method> <!-- quitDriver -->
        <test-method is-config="true" signature="publishReport()[pri:0, instance:testCases.RegisterNewAccount@67080771]" started-at="2021-01-24T10:18:24 EST" name="publishReport" finished-at="2021-01-24T10:18:24 EST" duration-ms="312" status="PASS">
          <reporter-output>
          </reporter-output>
        </test-method> <!-- publishReport -->
      </class> <!-- testCases.RegisterNewAccount -->
    </test> <!-- NewAccount -->
  </suite> <!-- Suite -->
</testng-results>
