<?xml version="1.0" encoding="UTF-8"?>
<!-- Generated by org.testng.reporters.JUnitReportReporter -->
<testsuite skipped="0" hostname="LAP-NJ-10065372" name="testCases.RegisterNewAccount" tests="2" failures="0" timestamp="2020-12-17T16:47:11 EST" time="45.499" errors="0">
  <testcase name="CreateAccount" time="18.863" classname="testCases.RegisterNewAccount"/>
  <system-out/>
  <testcase name="CreateAccount" time="26.636" classname="testCases.RegisterNewAccount"/>
  <system-out/>
</testsuite> <!-- testCases.RegisterNewAccount -->
