<?xml version="1.0" encoding="UTF-8"?>
<!-- Generated by org.testng.reporters.JUnitReportReporter -->
<testsuite hostname="DESKTOP-SPPI0K5" failures="0" tests="2" name="testCases.RegisterNewAccount" time="36.504" errors="0" timestamp="2021-01-24T10:18:24 EST" skipped="0">
  <testcase classname="testCases.RegisterNewAccount" name="CreateAccount" time="18.359"/>
  <system-out/>
  <testcase classname="testCases.RegisterNewAccount" name="CreateAccount" time="18.145"/>
  <system-out/>
</testsuite> <!-- testCases.RegisterNewAccount -->
