<?xml version="1.0" encoding="UTF-8"?>
<testng-results skipped="0" failed="0" ignored="0" total="2" passed="2">
  <reporter-output>
  </reporter-output>
  <suite name="Suite" duration-ms="46282" started-at="2020-12-17T16:46:24 EST" finished-at="2020-12-17T16:47:10 EST">
    <groups>
    </groups>
    <test name="Test" duration-ms="46282" started-at="2020-12-17T16:46:24 EST" finished-at="2020-12-17T16:47:10 EST">
      <class name="testCases.RegisterNewAccount">
        <test-method status="PASS" signature="setupSuite()[pri:0, instance:testCases.RegisterNewAccount@34cd072c]" name="setupSuite" is-config="true" duration-ms="142" started-at="2020-12-17T16:46:24 EST" finished-at="2020-12-17T16:46:24 EST">
          <reporter-output>
          </reporter-output>
        </test-method> <!-- setupSuite -->
        <test-method status="PASS" signature="initilizeDriver()[pri:0, instance:testCases.RegisterNewAccount@34cd072c]" name="initilizeDriver" is-config="true" duration-ms="9195" started-at="2020-12-17T16:46:25 EST" finished-at="2020-12-17T16:46:34 EST">
          <reporter-output>
          </reporter-output>
        </test-method> <!-- initilizeDriver -->
        <test-method status="PASS" signature="CreateAccount(java.util.Map)[pri:0, instance:testCases.RegisterNewAccount@34cd072c]" name="CreateAccount" duration-ms="8217" started-at="2020-12-17T16:46:34 EST" data-provider="Data" finished-at="2020-12-17T16:46:42 EST">
          <params>
            <param index="0">
              <value>
                <![CDATA[{AddressLine1=Street1, PhoneNo=1233452298, FirstName=Ram, State=Georgia, ZipCode=31901, LastName=Sharma, City=Columbus, Flag=Yes, EmailAddress=test24@mail.com, Password=hello123}]]>
              </value>
            </param>
          </params>
          <reporter-output>
          </reporter-output>
        </test-method> <!-- CreateAccount -->
        <test-method status="PASS" signature="quitDriver(org.testng.ITestResult)[pri:0, instance:testCases.RegisterNewAccount@34cd072c]" name="quitDriver" is-config="true" duration-ms="1734" started-at="2020-12-17T16:46:42 EST" finished-at="2020-12-17T16:46:44 EST">
          <params>
            <param index="0">
              <value>
                <![CDATA[[TestResult name=CreateAccount status=SUCCESS method=RegisterNewAccount.CreateAccount(java.util.Map)[pri:0, instance:testCases.RegisterNewAccount@34cd072c] output={null}]]]>
              </value>
            </param>
          </params>
          <reporter-output>
          </reporter-output>
        </test-method> <!-- quitDriver -->
        <test-method status="PASS" signature="initilizeDriver()[pri:0, instance:testCases.RegisterNewAccount@34cd072c]" name="initilizeDriver" is-config="true" duration-ms="8689" started-at="2020-12-17T16:46:44 EST" finished-at="2020-12-17T16:46:52 EST">
          <reporter-output>
          </reporter-output>
        </test-method> <!-- initilizeDriver -->
        <test-method status="PASS" signature="CreateAccount(java.util.Map)[pri:0, instance:testCases.RegisterNewAccount@34cd072c]" name="CreateAccount" duration-ms="16213" started-at="2020-12-17T16:46:52 EST" data-provider="Data" finished-at="2020-12-17T16:47:09 EST">
          <params>
            <param index="0">
              <value>
                <![CDATA[{AddressLine1=Street1, PhoneNo=1233452298, FirstName=Mohan, State=Georgia, ZipCode=31901, LastName=Sharma, City=Columbus, Flag=Yes, EmailAddress=test25@mail.com, Password=hello123}]]>
              </value>
            </param>
          </params>
          <reporter-output>
          </reporter-output>
        </test-method> <!-- CreateAccount -->
        <test-method status="PASS" signature="quitDriver(org.testng.ITestResult)[pri:0, instance:testCases.RegisterNewAccount@34cd072c]" name="quitDriver" is-config="true" duration-ms="1451" started-at="2020-12-17T16:47:09 EST" finished-at="2020-12-17T16:47:10 EST">
          <params>
            <param index="0">
              <value>
                <![CDATA[[TestResult name=CreateAccount status=SUCCESS method=RegisterNewAccount.CreateAccount(java.util.Map)[pri:0, instance:testCases.RegisterNewAccount@34cd072c] output={null}]]]>
              </value>
            </param>
          </params>
          <reporter-output>
          </reporter-output>
        </test-method> <!-- quitDriver -->
        <test-method status="PASS" signature="publishReport()[pri:0, instance:testCases.RegisterNewAccount@34cd072c]" name="publishReport" is-config="true" duration-ms="515" started-at="2020-12-17T16:47:10 EST" finished-at="2020-12-17T16:47:11 EST">
          <reporter-output>
          </reporter-output>
        </test-method> <!-- publishReport -->
      </class> <!-- testCases.RegisterNewAccount -->
    </test> <!-- Test -->
  </suite> <!-- Suite -->
</testng-results>
